[+] Containers:
 |- [+] Container: /Game/ThirdPerson/Maps/ThirdPersonMap
 |   |- [+] ActorDescs:
 |   |   |- Guid:1C64E23D447346310E79389A948E6B10 BaseClass: NativeClass:/Script/Engine.StaticMeshActor Name:StaticMeshActor_UAID_04421A98F1507D9401_1332805463 Label:floor_Room_4 SpatiallyLoaded:1 Bounds:IsValid=true, Min=(X=-3738.000 Y=640.000 Z=-50.000), Max=(X=-3588.000 Y=1640.000 Z=-10.000) RuntimeGrid:None EditorOnly:0 RuntimeOnly:0 HLODRelevant:1 FolderPath:Cantina/Room_00 FolderGuid:D2B858DB40175A5EAFECD3822F08DDFE
 |   |   |- Guid:217EDACC418D4E4DB1D1EBA9E646CFC2 BaseClass: NativeClass:/Script/Engine.StaticMeshActor Name:StaticMeshActor_UAID_04421A98F1507C9401_1226177279 Label:Wall_02 SpatiallyLoaded:1 Bounds:IsValid=true, Min=(X=-3080.000 Y=20.033 Z=-30.532), Max=(X=-3040.000 Y=620.033 Z=1061.468) RuntimeGrid:None EditorOnly:0 RuntimeOnly:0 HLODRelevant:1 FolderPath:Cantina/Room_00 FolderGuid:D2B858DB40175A5EAFECD3822F08DDFE
 |   |   |- Guid:2868983944F6BA37FE7DF997DB76A19A BaseClass: NativeClass:/Script/Engine.StaticMeshActor Name:StaticMeshActor_UAID_04421A98F1507A9401_1165881922 Label:Rocks_00 SpatiallyLoaded:1 Bounds:IsValid=true, Min=(X=-4080.191 Y=20.167 Z=230.311), Max=(X=-3880.191 Y=170.167 Z=749.811) RuntimeGrid:None EditorOnly:0 RuntimeOnly:0 HLODRelevant:1 FolderPath:Cantina FolderGuid:D6D50CAE41B547F8463C5291BEA54984
 |   |   |- Guid:29CF4B274DCA832024E0569FAB539285 BaseClass: NativeClass:/Script/Engine.StaticMeshActor Name:StaticMeshActor_UAID_04421A98F1507C9401_1666946282 Label:Pillar_00 SpatiallyLoaded:1 Bounds:IsValid=true, Min=(X=-3500.000 Y=320.000 Z=-9.689), Max=(X=-3400.000 Y=420.000 Z=290.311) RuntimeGrid:None EditorOnly:0 RuntimeOnly:0 HLODRelevant:1 FolderPath:Cantina FolderGuid:D6D50CAE41B547F8463C5291BEA54984
 |   |   |- Guid:2FB58999456391D349DC0F86DAC136ED BaseClass: NativeClass:/Script/Engine.SkyLight Name:SkyLight_1 Label:SkyLight SpatiallyLoaded:0 Bounds:IsValid=true, Min=(X=0.000 Y=0.000 Z=690.000), Max=(X=0.000 Y=0.000 Z=690.000) RuntimeGrid:None EditorOnly:0 RuntimeOnly:0 HLODRelevant:0 FolderPath:Lighting FolderGuid:963EC3EB4002CCE9759E2EBA541A873A
 |   |   |- Guid:316CF2A6494ACA4C0E4180A87D36AB8F BaseClass: NativeClass:/Script/Engine.ExponentialHeightFog Name:ExponentialHeightFog_0 Label:ExponentialHeightFog SpatiallyLoaded:0 Bounds:IsValid=true, Min=(X=-5600.000 Y=-50.000 Z=-6850.000), Max=(X=-5600.000 Y=-50.000 Z=-6850.000) RuntimeGrid:None EditorOnly:0 RuntimeOnly:0 HLODRelevant:0 FolderPath:Lighting FolderGuid:963EC3EB4002CCE9759E2EBA541A873A
 |   |   |- Guid:3A00AA1C422CE54C0BDB60BAF471BFBB BaseClass: NativeClass:/Script/Engine.PlayerStart Name:PlayerStart_0 Label:PlayerStart SpatiallyLoaded:0 Bounds:IsValid=true, Min=(X=-4060.000 Y=72.000 Z=756.013), Max=(X=-3980.000 Y=152.000 Z=940.013) RuntimeGrid:None EditorOnly:0 RuntimeOnly:0 HLODRelevant:0
 |   |   |- Guid:3CCA41D04A197201AFF2568A337D64AA BaseClass: NativeClass:/Script/Engine.StaticMeshActor Name:StaticMeshActor_UAID_04421A98F1507C9401_1475822281 Label:floor_Room_6 SpatiallyLoaded:1 Bounds:IsValid=true, Min=(X=-3270.000 Y=210.000 Z=-9.468), Max=(X=-3230.000 Y=470.000 Z=599.282) RuntimeGrid:None EditorOnly:0 RuntimeOnly:0 HLODRelevant:1 FolderPath:Cantina/Room_00 FolderGuid:D2B858DB40175A5EAFECD3822F08DDFE
 |   |   |- Guid:3DF4B6314A9724AD91FE6BAA91866A1F BaseClass: NativeClass:/Script/Engine.StaticMeshActor Name:StaticMeshActor_UAID_04421A98F1507C9401_1855675284 Label:Drawer_00 SpatiallyLoaded:1 Bounds:IsValid=true, Min=(X=-3541.000 Y=520.000 Z=-10.000), Max=(X=-3341.000 Y=620.000 Z=190.000) RuntimeGrid:None EditorOnly:0 RuntimeOnly:0 HLODRelevant:0 FolderPath:Cantina/Room_00 FolderGuid:D2B858DB40175A5EAFECD3822F08DDFE
 |   |   |- Guid:4D3BE93F4146AAAC8BBE79999D96D57F BaseClass: NativeClass:/Script/Engine.VolumetricCloud Name:VolumetricCloud_0 Label:VolumetricCloud SpatiallyLoaded:0 Bounds:IsValid=true, Min=(X=0.000 Y=0.000 Z=820.000), Max=(X=0.000 Y=0.000 Z=820.000) RuntimeGrid:None EditorOnly:0 RuntimeOnly:0 HLODRelevant:0 FolderPath:Lighting FolderGuid:963EC3EB4002CCE9759E2EBA541A873A
 |   |   |- Guid:6537B1D54897AD46E1CEB1A391704D5C BaseClass: NativeClass:/Script/Engine.StaticMeshActor Name:StaticMeshActor_UAID_04421A98F1507A9401_2047749925 Label:Stairs_01 SpatiallyLoaded:1 Bounds:IsValid=true, Min=(X=-3880.000 Y=20.000 Z=230.000), Max=(X=-3230.000 Y=170.000 Z=750.000) RuntimeGrid:None EditorOnly:0 RuntimeOnly:0 HLODRelevant:0 FolderPath:Cantina/Room_00 FolderGuid:D2B858DB40175A5EAFECD3822F08DDFE
 |   |   |- Guid:6BAF4DDD444C60371492D3919DB42C97 BaseClass: NativeClass:/Script/Engine.WorldDataLayers Name:WorldDataLayers Label:WorldDataLayers SpatiallyLoaded:0 Bounds:IsValid=true, Min=(X=0.000 Y=0.000 Z=0.000), Max=(X=0.000 Y=0.000 Z=0.000) RuntimeGrid:None EditorOnly:0 RuntimeOnly:0 HLODRelevant:0
 |   |   |- Guid:774B306C4E100CB0E998AD8F92044AB5 BaseClass: NativeClass:/Script/Engine.StaticMeshActor Name:StaticMeshActor_UAID_04421A98F150799401_2064620744 Label:floor_Room_1 SpatiallyLoaded:1 Bounds:IsValid=true, Min=(X=-4080.000 Y=20.000 Z=-50.000), Max=(X=-3080.000 Y=620.000 Z=-10.000) RuntimeGrid:None EditorOnly:0 RuntimeOnly:0 HLODRelevant:1 FolderPath:Cantina/Room_00 FolderGuid:D2B858DB40175A5EAFECD3822F08DDFE
 |   |   |- Guid:8D4E228F4F197AAB09C94B8CD284C881 BaseClass: NativeClass:/Script/Engine.StaticMeshActor Name:StaticMeshActor_UAID_04421A98F1507A9401_1797962924 Label:Rocks_01 SpatiallyLoaded:1 Bounds:IsValid=true, Min=(X=-4080.191 Y=20.167 Z=-18.689), Max=(X=-3079.941 Y=170.167 Z=230.061) RuntimeGrid:None EditorOnly:0 RuntimeOnly:0 HLODRelevant:1 FolderPath:Cantina FolderGuid:D6D50CAE41B547F8463C5291BEA54984
 |   |   |- Guid:9765ECF54858C165188C95B28D88016B BaseClass: NativeClass:/Script/Engine.StaticMeshActor Name:StaticMeshActor_12 Label:Cubo_Base SpatiallyLoaded:1 Bounds:IsValid=true, Min=(X=-2401.191 Y=51.167 Z=1.311), Max=(X=-2301.191 Y=151.167 Z=101.311) RuntimeGrid:None EditorOnly:0 RuntimeOnly:0 HLODRelevant:1 FolderPath:Cantina FolderGuid:D6D50CAE41B547F8463C5291BEA54984
 |   |   |- Guid:9CFC4E0B4F70EDC4E88C13A59DDEE62F BaseClass: NativeClass:/Script/Engine.StaticMeshActor Name:StaticMeshActor_UAID_04421A98F1507D9401_1211378462 Label:floor_Room_3 SpatiallyLoaded:1 Bounds:IsValid=true, Min=(X=-5080.000 Y=219.000 Z=-50.000), Max=(X=-4080.000 Y=369.000 Z=-10.000) RuntimeGrid:None EditorOnly:0 RuntimeOnly:0 HLODRelevant:1 FolderPath:Cantina/Room_00 FolderGuid:D2B858DB40175A5EAFECD3822F08DDFE
 |   |   |- Guid:A344F7044E0DFBDAB0BF8180FFB98B35 BaseClass: NativeClass:/Script/Engine.StaticMeshActor Name:StaticMeshActor_UAID_04421A98F1507A9401_1151156921 Label:Stairs_00 SpatiallyLoaded:1 Bounds:IsValid=true, Min=(X=-3230.000 Y=170.000 Z=-10.000), Max=(X=-3080.000 Y=470.000 Z=230.000) RuntimeGrid:None EditorOnly:0 RuntimeOnly:0 HLODRelevant:0 FolderPath:Cantina/Room_00 FolderGuid:D2B858DB40175A5EAFECD3822F08DDFE
 |   |   |- Guid:A5A3163540F1CE97E114F8A0B1F07E8B BaseClass: NativeClass:/Script/Engine.StaticMeshActor Name:StaticMeshActor_UAID_04421A98F1507C9401_1883908285 Label:Drawer_01 SpatiallyLoaded:1 Bounds:IsValid=true, Min=(X=-3960.000 Y=520.000 Z=-10.000), Max=(X=-3760.000 Y=620.000 Z=190.000) RuntimeGrid:None EditorOnly:0 RuntimeOnly:0 HLODRelevant:0 FolderPath:Cantina/Room_00 FolderGuid:D2B858DB40175A5EAFECD3822F08DDFE
 |   |   |- Guid:B785ED2844B84CFB91E7F39FE661CD99 BaseClass: NativeClass:/Script/Engine.DirectionalLight Name:DirectionalLight_0 Label:DirectionalLight SpatiallyLoaded:0 Bounds:IsValid=true, Min=(X=-1048576.000 Y=-1048576.000 Z=-1048576.000), Max=(X=1048576.000 Y=1048576.000 Z=1048576.000) RuntimeGrid:None EditorOnly:0 RuntimeOnly:0 HLODRelevant:0 FolderPath:Lighting FolderGuid:963EC3EB4002CCE9759E2EBA541A873A
 |   |   |- Guid:CCFF262C46EEFFDF319E7F9539CE697E BaseClass: NativeClass:/Script/Engine.SkyAtmosphere Name:SkyAtmosphere_0 Label:SkyAtmosphere SpatiallyLoaded:0 Bounds:IsValid=true, Min=(X=0.000 Y=0.000 Z=1020.000), Max=(X=0.000 Y=0.000 Z=1020.000) RuntimeGrid:None EditorOnly:0 RuntimeOnly:0 HLODRelevant:0 FolderPath:Lighting FolderGuid:963EC3EB4002CCE9759E2EBA541A873A
 |   |   |- Guid:D286E4AA4BEFF273B515A1A4E5AAD10F BaseClass: NativeClass:/Script/Engine.StaticMeshActor Name:StaticMeshActor_UAID_04421A98F1507C9401_1751853283 Label:Pillar_01 SpatiallyLoaded:1 Bounds:IsValid=true, Min=(X=-3882.000 Y=321.000 Z=-9.689), Max=(X=-3782.000 Y=421.000 Z=290.311) RuntimeGrid:None EditorOnly:0 RuntimeOnly:0 HLODRelevant:1 FolderPath:Cantina FolderGuid:D6D50CAE41B547F8463C5291BEA54984
 |   |   |- Guid:DC5CF49A450A593336028F940720CABC BaseClass: NativeClass:/Script/Engine.StaticMeshActor Name:StaticMeshActor_UAID_04421A98F1507C9401_1349867280 Label:Wall_03 SpatiallyLoaded:1 Bounds:IsValid=true, Min=(X=-4080.000 Y=620.000 Z=-34.075), Max=(X=-3080.000 Y=660.000 Z=1058.425) RuntimeGrid:None EditorOnly:0 RuntimeOnly:0 HLODRelevant:1 FolderPath:Cantina/Room_00 FolderGuid:D2B858DB40175A5EAFECD3822F08DDFE
 |   |   |- Guid:DDAB3ED64C103DAF9EE0CB8FF885B527 BaseClass: NativeClass:/Script/Engine.StaticMeshActor Name:StaticMeshActor_UAID_04421A98F1507A9401_1192912923 Label:floor_Room_2 SpatiallyLoaded:1 Bounds:IsValid=true, Min=(X=-6437.000 Y=1111.000 Z=-50.000), Max=(X=-5437.000 Y=1151.000 Z=550.000) RuntimeGrid:None EditorOnly:0 RuntimeOnly:0 HLODRelevant:1 FolderPath:Cantina/Room_00 FolderGuid:D2B858DB40175A5EAFECD3822F08DDFE
 |   |   |- Guid:E176FFD242802435E4AAD9977E17F062 BaseClass: NativeClass:/Script/Engine.StaticMeshActor Name:StaticMeshActor_UAID_04421A98F1507B9401_2124234102 Label:Wall_00 SpatiallyLoaded:1 Bounds:IsValid=true, Min=(X=-4080.000 Y=-19.833 Z=-9.635), Max=(X=-3080.000 Y=20.167 Z=1093.115) RuntimeGrid:None EditorOnly:0 RuntimeOnly:0 HLODRelevant:1 FolderPath:Cantina/Room_00 FolderGuid:D2B858DB40175A5EAFECD3822F08DDFE
 |   |   |- Guid:EB70FE194B7436BCF54B80BC8A9718BF BaseClass: NativeClass:/Script/Engine.StaticMeshActor Name:StaticMeshActor_UAID_04421A98F150799401_1689747743 Label:Wall_01 SpatiallyLoaded:1 Bounds:IsValid=true, Min=(X=-4080.021 Y=170.167 Z=-9.635), Max=(X=-3230.271 Y=210.167 Z=1093.115) RuntimeGrid:None EditorOnly:0 RuntimeOnly:0 HLODRelevant:1 FolderPath:Cantina/Room_00 FolderGuid:D2B858DB40175A5EAFECD3822F08DDFE
 |   |- [+] Clusters:
 |   |   |- [+] [  0]
 |   |   |   |- Guid:6BAF4DDD444C60371492D3919DB42C97 BaseClass: NativeClass:/Script/Engine.WorldDataLayers Name:WorldDataLayers Label:WorldDataLayers SpatiallyLoaded:0 Bounds:IsValid=true, Min=(X=0.000 Y=0.000 Z=0.000), Max=(X=0.000 Y=0.000 Z=0.000) RuntimeGrid:None EditorOnly:0 RuntimeOnly:0 HLODRelevant:0
 |   |   |- [+] [  1]
 |   |   |   |- Guid:4D3BE93F4146AAAC8BBE79999D96D57F BaseClass: NativeClass:/Script/Engine.VolumetricCloud Name:VolumetricCloud_0 Label:VolumetricCloud SpatiallyLoaded:0 Bounds:IsValid=true, Min=(X=0.000 Y=0.000 Z=820.000), Max=(X=0.000 Y=0.000 Z=820.000) RuntimeGrid:None EditorOnly:0 RuntimeOnly:0 HLODRelevant:0 FolderPath:Lighting FolderGuid:963EC3EB4002CCE9759E2EBA541A873A
 |   |   |- [+] [  2]
 |   |   |   |- Guid:CCFF262C46EEFFDF319E7F9539CE697E BaseClass: NativeClass:/Script/Engine.SkyAtmosphere Name:SkyAtmosphere_0 Label:SkyAtmosphere SpatiallyLoaded:0 Bounds:IsValid=true, Min=(X=0.000 Y=0.000 Z=1020.000), Max=(X=0.000 Y=0.000 Z=1020.000) RuntimeGrid:None EditorOnly:0 RuntimeOnly:0 HLODRelevant:0 FolderPath:Lighting FolderGuid:963EC3EB4002CCE9759E2EBA541A873A
 |   |   |- [+] [  3]
 |   |   |   |- Guid:B785ED2844B84CFB91E7F39FE661CD99 BaseClass: NativeClass:/Script/Engine.DirectionalLight Name:DirectionalLight_0 Label:DirectionalLight SpatiallyLoaded:0 Bounds:IsValid=true, Min=(X=-1048576.000 Y=-1048576.000 Z=-1048576.000), Max=(X=1048576.000 Y=1048576.000 Z=1048576.000) RuntimeGrid:None EditorOnly:0 RuntimeOnly:0 HLODRelevant:0 FolderPath:Lighting FolderGuid:963EC3EB4002CCE9759E2EBA541A873A
 |   |   |- [+] [  4]
 |   |   |   |- Guid:316CF2A6494ACA4C0E4180A87D36AB8F BaseClass: NativeClass:/Script/Engine.ExponentialHeightFog Name:ExponentialHeightFog_0 Label:ExponentialHeightFog SpatiallyLoaded:0 Bounds:IsValid=true, Min=(X=-5600.000 Y=-50.000 Z=-6850.000), Max=(X=-5600.000 Y=-50.000 Z=-6850.000) RuntimeGrid:None EditorOnly:0 RuntimeOnly:0 HLODRelevant:0 FolderPath:Lighting FolderGuid:963EC3EB4002CCE9759E2EBA541A873A
 |   |   |- [+] [  5]
 |   |   |   |- Guid:D286E4AA4BEFF273B515A1A4E5AAD10F BaseClass: NativeClass:/Script/Engine.StaticMeshActor Name:StaticMeshActor_UAID_04421A98F1507C9401_1751853283 Label:Pillar_01 SpatiallyLoaded:1 Bounds:IsValid=true, Min=(X=-3882.000 Y=321.000 Z=-9.689), Max=(X=-3782.000 Y=421.000 Z=290.311) RuntimeGrid:None EditorOnly:0 RuntimeOnly:0 HLODRelevant:1 FolderPath:Cantina FolderGuid:D6D50CAE41B547F8463C5291BEA54984
 |   |   |- [+] [  6]
 |   |   |   |- Guid:2FB58999456391D349DC0F86DAC136ED BaseClass: NativeClass:/Script/Engine.SkyLight Name:SkyLight_1 Label:SkyLight SpatiallyLoaded:0 Bounds:IsValid=true, Min=(X=0.000 Y=0.000 Z=690.000), Max=(X=0.000 Y=0.000 Z=690.000) RuntimeGrid:None EditorOnly:0 RuntimeOnly:0 HLODRelevant:0 FolderPath:Lighting FolderGuid:963EC3EB4002CCE9759E2EBA541A873A
 |   |   |- [+] [  7]
 |   |   |   |- Guid:9765ECF54858C165188C95B28D88016B BaseClass: NativeClass:/Script/Engine.StaticMeshActor Name:StaticMeshActor_12 Label:Cubo_Base SpatiallyLoaded:1 Bounds:IsValid=true, Min=(X=-2401.191 Y=51.167 Z=1.311), Max=(X=-2301.191 Y=151.167 Z=101.311) RuntimeGrid:None EditorOnly:0 RuntimeOnly:0 HLODRelevant:1 FolderPath:Cantina FolderGuid:D6D50CAE41B547F8463C5291BEA54984
 |   |   |- [+] [  8]
 |   |   |   |- Guid:29CF4B274DCA832024E0569FAB539285 BaseClass: NativeClass:/Script/Engine.StaticMeshActor Name:StaticMeshActor_UAID_04421A98F1507C9401_1666946282 Label:Pillar_00 SpatiallyLoaded:1 Bounds:IsValid=true, Min=(X=-3500.000 Y=320.000 Z=-9.689), Max=(X=-3400.000 Y=420.000 Z=290.311) RuntimeGrid:None EditorOnly:0 RuntimeOnly:0 HLODRelevant:1 FolderPath:Cantina FolderGuid:D6D50CAE41B547F8463C5291BEA54984
 |   |   |- [+] [  9]
 |   |   |   |- Guid:3CCA41D04A197201AFF2568A337D64AA BaseClass: NativeClass:/Script/Engine.StaticMeshActor Name:StaticMeshActor_UAID_04421A98F1507C9401_1475822281 Label:floor_Room_6 SpatiallyLoaded:1 Bounds:IsValid=true, Min=(X=-3270.000 Y=210.000 Z=-9.468), Max=(X=-3230.000 Y=470.000 Z=599.282) RuntimeGrid:None EditorOnly:0 RuntimeOnly:0 HLODRelevant:1 FolderPath:Cantina/Room_00 FolderGuid:D2B858DB40175A5EAFECD3822F08DDFE
 |   |   |- [+] [ 10]
 |   |   |   |- Guid:DC5CF49A450A593336028F940720CABC BaseClass: NativeClass:/Script/Engine.StaticMeshActor Name:StaticMeshActor_UAID_04421A98F1507C9401_1349867280 Label:Wall_03 SpatiallyLoaded:1 Bounds:IsValid=true, Min=(X=-4080.000 Y=620.000 Z=-34.075), Max=(X=-3080.000 Y=660.000 Z=1058.425) RuntimeGrid:None EditorOnly:0 RuntimeOnly:0 HLODRelevant:1 FolderPath:Cantina/Room_00 FolderGuid:D2B858DB40175A5EAFECD3822F08DDFE
 |   |   |- [+] [ 11]
 |   |   |   |- Guid:217EDACC418D4E4DB1D1EBA9E646CFC2 BaseClass: NativeClass:/Script/Engine.StaticMeshActor Name:StaticMeshActor_UAID_04421A98F1507C9401_1226177279 Label:Wall_02 SpatiallyLoaded:1 Bounds:IsValid=true, Min=(X=-3080.000 Y=20.033 Z=-30.532), Max=(X=-3040.000 Y=620.033 Z=1061.468) RuntimeGrid:None EditorOnly:0 RuntimeOnly:0 HLODRelevant:1 FolderPath:Cantina/Room_00 FolderGuid:D2B858DB40175A5EAFECD3822F08DDFE
 |   |   |- [+] [ 12]
 |   |   |   |- Guid:E176FFD242802435E4AAD9977E17F062 BaseClass: NativeClass:/Script/Engine.StaticMeshActor Name:StaticMeshActor_UAID_04421A98F1507B9401_2124234102 Label:Wall_00 SpatiallyLoaded:1 Bounds:IsValid=true, Min=(X=-4080.000 Y=-19.833 Z=-9.635), Max=(X=-3080.000 Y=20.167 Z=1093.115) RuntimeGrid:None EditorOnly:0 RuntimeOnly:0 HLODRelevant:1 FolderPath:Cantina/Room_00 FolderGuid:D2B858DB40175A5EAFECD3822F08DDFE
 |   |   |- [+] [ 13]
 |   |   |   |- Guid:6537B1D54897AD46E1CEB1A391704D5C BaseClass: NativeClass:/Script/Engine.StaticMeshActor Name:StaticMeshActor_UAID_04421A98F1507A9401_2047749925 Label:Stairs_01 SpatiallyLoaded:1 Bounds:IsValid=true, Min=(X=-3880.000 Y=20.000 Z=230.000), Max=(X=-3230.000 Y=170.000 Z=750.000) RuntimeGrid:None EditorOnly:0 RuntimeOnly:0 HLODRelevant:0 FolderPath:Cantina/Room_00 FolderGuid:D2B858DB40175A5EAFECD3822F08DDFE
 |   |   |- [+] [ 14]
 |   |   |   |- Guid:8D4E228F4F197AAB09C94B8CD284C881 BaseClass: NativeClass:/Script/Engine.StaticMeshActor Name:StaticMeshActor_UAID_04421A98F1507A9401_1797962924 Label:Rocks_01 SpatiallyLoaded:1 Bounds:IsValid=true, Min=(X=-4080.191 Y=20.167 Z=-18.689), Max=(X=-3079.941 Y=170.167 Z=230.061) RuntimeGrid:None EditorOnly:0 RuntimeOnly:0 HLODRelevant:1 FolderPath:Cantina FolderGuid:D6D50CAE41B547F8463C5291BEA54984
 |   |   |- [+] [ 15]
 |   |   |   |- Guid:DDAB3ED64C103DAF9EE0CB8FF885B527 BaseClass: NativeClass:/Script/Engine.StaticMeshActor Name:StaticMeshActor_UAID_04421A98F1507A9401_1192912923 Label:floor_Room_2 SpatiallyLoaded:1 Bounds:IsValid=true, Min=(X=-6437.000 Y=1111.000 Z=-50.000), Max=(X=-5437.000 Y=1151.000 Z=550.000) RuntimeGrid:None EditorOnly:0 RuntimeOnly:0 HLODRelevant:1 FolderPath:Cantina/Room_00 FolderGuid:D2B858DB40175A5EAFECD3822F08DDFE
 |   |   |- [+] [ 16]
 |   |   |   |- Guid:2868983944F6BA37FE7DF997DB76A19A BaseClass: NativeClass:/Script/Engine.StaticMeshActor Name:StaticMeshActor_UAID_04421A98F1507A9401_1165881922 Label:Rocks_00 SpatiallyLoaded:1 Bounds:IsValid=true, Min=(X=-4080.191 Y=20.167 Z=230.311), Max=(X=-3880.191 Y=170.167 Z=749.811) RuntimeGrid:None EditorOnly:0 RuntimeOnly:0 HLODRelevant:1 FolderPath:Cantina FolderGuid:D6D50CAE41B547F8463C5291BEA54984
 |   |   |- [+] [ 17]
 |   |   |   |- Guid:A344F7044E0DFBDAB0BF8180FFB98B35 BaseClass: NativeClass:/Script/Engine.StaticMeshActor Name:StaticMeshActor_UAID_04421A98F1507A9401_1151156921 Label:Stairs_00 SpatiallyLoaded:1 Bounds:IsValid=true, Min=(X=-3230.000 Y=170.000 Z=-10.000), Max=(X=-3080.000 Y=470.000 Z=230.000) RuntimeGrid:None EditorOnly:0 RuntimeOnly:0 HLODRelevant:0 FolderPath:Cantina/Room_00 FolderGuid:D2B858DB40175A5EAFECD3822F08DDFE
 |   |   |- [+] [ 18]
 |   |   |   |- Guid:774B306C4E100CB0E998AD8F92044AB5 BaseClass: NativeClass:/Script/Engine.StaticMeshActor Name:StaticMeshActor_UAID_04421A98F150799401_2064620744 Label:floor_Room_1 SpatiallyLoaded:1 Bounds:IsValid=true, Min=(X=-4080.000 Y=20.000 Z=-50.000), Max=(X=-3080.000 Y=620.000 Z=-10.000) RuntimeGrid:None EditorOnly:0 RuntimeOnly:0 HLODRelevant:1 FolderPath:Cantina/Room_00 FolderGuid:D2B858DB40175A5EAFECD3822F08DDFE
 |   |   |- [+] [ 19]
 |   |   |   |- Guid:3A00AA1C422CE54C0BDB60BAF471BFBB BaseClass: NativeClass:/Script/Engine.PlayerStart Name:PlayerStart_0 Label:PlayerStart SpatiallyLoaded:0 Bounds:IsValid=true, Min=(X=-4060.000 Y=72.000 Z=756.013), Max=(X=-3980.000 Y=152.000 Z=940.013) RuntimeGrid:None EditorOnly:0 RuntimeOnly:0 HLODRelevant:0
 |   |   |- [+] [ 20]
 |   |   |   |- Guid:EB70FE194B7436BCF54B80BC8A9718BF BaseClass: NativeClass:/Script/Engine.StaticMeshActor Name:StaticMeshActor_UAID_04421A98F150799401_1689747743 Label:Wall_01 SpatiallyLoaded:1 Bounds:IsValid=true, Min=(X=-4080.021 Y=170.167 Z=-9.635), Max=(X=-3230.271 Y=210.167 Z=1093.115) RuntimeGrid:None EditorOnly:0 RuntimeOnly:0 HLODRelevant:1 FolderPath:Cantina/Room_00 FolderGuid:D2B858DB40175A5EAFECD3822F08DDFE
 |   |   |- [+] [ 21]
 |   |   |   |- Guid:3DF4B6314A9724AD91FE6BAA91866A1F BaseClass: NativeClass:/Script/Engine.StaticMeshActor Name:StaticMeshActor_UAID_04421A98F1507C9401_1855675284 Label:Drawer_00 SpatiallyLoaded:1 Bounds:IsValid=true, Min=(X=-3541.000 Y=520.000 Z=-10.000), Max=(X=-3341.000 Y=620.000 Z=190.000) RuntimeGrid:None EditorOnly:0 RuntimeOnly:0 HLODRelevant:0 FolderPath:Cantina/Room_00 FolderGuid:D2B858DB40175A5EAFECD3822F08DDFE
 |   |   |- [+] [ 22]
 |   |   |   |- Guid:A5A3163540F1CE97E114F8A0B1F07E8B BaseClass: NativeClass:/Script/Engine.StaticMeshActor Name:StaticMeshActor_UAID_04421A98F1507C9401_1883908285 Label:Drawer_01 SpatiallyLoaded:1 Bounds:IsValid=true, Min=(X=-3960.000 Y=520.000 Z=-10.000), Max=(X=-3760.000 Y=620.000 Z=190.000) RuntimeGrid:None EditorOnly:0 RuntimeOnly:0 HLODRelevant:0 FolderPath:Cantina/Room_00 FolderGuid:D2B858DB40175A5EAFECD3822F08DDFE
 |   |   |- [+] [ 23]
 |   |   |   |- Guid:9CFC4E0B4F70EDC4E88C13A59DDEE62F BaseClass: NativeClass:/Script/Engine.StaticMeshActor Name:StaticMeshActor_UAID_04421A98F1507D9401_1211378462 Label:floor_Room_3 SpatiallyLoaded:1 Bounds:IsValid=true, Min=(X=-5080.000 Y=219.000 Z=-50.000), Max=(X=-4080.000 Y=369.000 Z=-10.000) RuntimeGrid:None EditorOnly:0 RuntimeOnly:0 HLODRelevant:1 FolderPath:Cantina/Room_00 FolderGuid:D2B858DB40175A5EAFECD3822F08DDFE
 |   |   |- [+] [ 24]
 |   |   |   |- Guid:1C64E23D447346310E79389A948E6B10 BaseClass: NativeClass:/Script/Engine.StaticMeshActor Name:StaticMeshActor_UAID_04421A98F1507D9401_1332805463 Label:floor_Room_4 SpatiallyLoaded:1 Bounds:IsValid=true, Min=(X=-3738.000 Y=640.000 Z=-50.000), Max=(X=-3588.000 Y=1640.000 Z=-10.000) RuntimeGrid:None EditorOnly:0 RuntimeOnly:0 HLODRelevant:1 FolderPath:Cantina/Room_00 FolderGuid:D2B858DB40175A5EAFECD3822F08DDFE
 |- ContainerInstances:
 |- [+] MainContainer:
 |   |-        ID: 0x0000000000000000
 |   |-    Bounds: IsValid=false, Min=(X=0.000 Y=0.000 Z=0.000), Max=(X=0.000 Y=0.000 Z=0.000)
 |   |- Transform: 0.000000,0.000000,0.000000|0.000000,0.000000,-0.000000|1.000000,1.000000,1.000000
 |   |- Container: /Game/ThirdPerson/Maps/ThirdPersonMap
----------------------------------------------------------------------------------------------------------------
ThirdPersonMap - Persistent Level
----------------------------------------------------------------------------------------------------------------
Always loaded Actor Count: 42 

----------------------------------------------------------------------------------------------------------------
ThirdPersonMap - Runtime Spatial Hash - Streaming Grid - MainGrid
----------------------------------------------------------------------------------------------------------------
            Origin: X=0.000 Y=0.000 Z=0.000
         Cell Size: 12800
      World Bounds: IsValid=false, Min=(X=0.000 Y=0.000 Z=0.000), Max=(X=0.000 Y=0.000 Z=0.000)
     Loading Range: 25600.00
Block Slow Loading: No
 ClientOnlyVisible: No

[+] Grid Levels: 1
 |- Level  0: Cell Count    0 | Cell Size   12800 | Actor Count    0 (0.0%)

[+] Content of Grid Level 0

